Traffic Direction is being changed to 0
Car# 1 arrives traveling direction 0
Car# 2 waits to travel in direction 1
Car# 4 arrives traveling direction 0
Car# 3 arrives traveling direction 0
Car# 5 waits to travel in direction 0
Car# 10 waits to travel in direction 0
Car# 11 waits to travel in direction 1
Car# 9 waits to travel in direction 1
Car# 7 waits to travel in direction 1
Car# 8 waits to travel in direction 1
Car# 6 waits to travel in direction 0
Car# 12 waits to travel in direction 0
Car# 13 waits to travel in direction 0
Car# 14 waits to travel in direction 1
Car# 15 waits to travel in direction 0
Car# 16 waits to travel in direction 1
Car# 17 waits to travel in direction 1
Car# 18 waits to travel in direction 1
Car# 19 waits to travel in direction 0
Car# 20 waits to travel in direction 1
Car# 4 crossing bridge in direction 0
ExitBridge car# 4 - Direction 0 #Cars left on bridge: 2
Car# 3 crossing bridge in direction 0
ExitBridge car# 3 - Direction 0 #Cars left on bridge: 1
Car# 5 arrives traveling direction 0
Car# 1 crossing bridge in direction 0
ExitBridge car# 1 - Direction 0 #Cars left on bridge: 1
Car# 6 arrives traveling direction 0
Car# 10 arrives traveling direction 0
Car# 5 crossing bridge in direction 0
ExitBridge car# 5 - Direction 0 #Cars left on bridge: 2
Car# 19 arrives traveling direction 0
Car# 6 crossing bridge in direction 0
ExitBridge car# 6 - Direction 0 #Cars left on bridge: 2
Car# 10 crossing bridge in direction 0
ExitBridge car# 10 - Direction 0 #Cars left on bridge: 1
Car# 13 arrives traveling direction 0
Car# 12 arrives traveling direction 0
Car# 19 crossing bridge in direction 0
ExitBridge car# 19 - Direction 0 #Cars left on bridge: 2
Car# 15 arrives traveling direction 0
Car# 13 crossing bridge in direction 0
ExitBridge car# 13 - Direction 0 #Cars left on bridge: 2
Car# 12 crossing bridge in direction 0
ExitBridge car# 12 - Direction 0 #Cars left on bridge: 1
Car# 15 crossing bridge in direction 0
ExitBridge car# 15 - Direction 0 #Cars left on bridge: 0
Traffic Direction is being changed to 1
Car# 17 arrives traveling direction 1
Car# 2 arrives traveling direction 1
Car# 7 arrives traveling direction 1
Car# 2 crossing bridge in direction 1
ExitBridge car# 2 - Direction 1 #Cars left on bridge: 2
Car# 16 arrives traveling direction 1
Car# 7 crossing bridge in direction 1
ExitBridge car# 7 - Direction 1 #Cars left on bridge: 2
Car# 9 arrives traveling direction 1
Car# 17 crossing bridge in direction 1
ExitBridge car# 17 - Direction 1 #Cars left on bridge: 2
Car# 14 arrives traveling direction 1
